1486072445548	geckodriver	INFO	Listening on 127.0.0.1:57380
1486072447544	mozprofile::profile	INFO	Using profile path C:\Temp\rust_mozprofile.QjowZDjAq2dJ
1486072447550	geckodriver::marionette	INFO	Starting browser C:\Program Files (x86)\Mozilla Firefox\firefox.exe
1486072447816	geckodriver::marionette	INFO	Connecting to Marionette on localhost:57387
1486072448440	Marionette	INFO	Listening on port 57387
1486072449919	Marionette	WARN	Using deprecated data structure for setting timeouts
[Child 460] WARNING: pipe error: 109: file c:/builds/moz2_slave/m-rel-w32-00000000000000000000/build/src/ipc/chromium/src/chrome/common/ipc_channel_win.cc, line 346
[Child 460] WARNING: pipe error: 109: file c:/builds/moz2_slave/m-rel-w32-00000000000000000000/build/src/ipc/chromium/src/chrome/common/ipc_channel_win.cc, line 346
1486072535104	geckodriver	INFO	Listening on 127.0.0.1:57555
1486072537099	mozprofile::profile	INFO	Using profile path C:\Temp\rust_mozprofile.741Ud5dTiR1h
1486072537106	geckodriver::marionette	INFO	Starting browser C:\Program Files (x86)\Mozilla Firefox\firefox.exe
1486072537149	geckodriver::marionette	INFO	Connecting to Marionette on localhost:57561
1486072537896	Marionette	INFO	Listening on port 57561
1486072539068	Marionette	WARN	Using deprecated data structure for setting timeouts
1486072614105	addons.productaddons	WARN	Failed downloading via XHR, status: 0, reason: error
[Child 4056] WARNING: pipe error: 109: file c:/builds/moz2_slave/m-rel-w32-00000000000000000000/build/src/ipc/chromium/src/chrome/common/ipc_channel_win.cc, line 346
1486072616786	geckodriver	INFO	Listening on 127.0.0.1:57736
1486072618779	mozprofile::profile	INFO	Using profile path C:\Temp\rust_mozprofile.2H9QXS7bqiwU
1486072618782	geckodriver::marionette	INFO	Starting browser C:\Program Files (x86)\Mozilla Firefox\firefox.exe
1486072618797	geckodriver::marionette	INFO	Connecting to Marionette on localhost:57742
1486072619592	Marionette	INFO	Listening on port 57742
1486072620784	Marionette	WARN	Using deprecated data structure for setting timeouts
1486072678270	geckodriver	INFO	Listening on 127.0.0.1:57931
1486072680274	mozprofile::profile	INFO	Using profile path C:\Temp\rust_mozprofile.QtPBN73IRGjd
1486072680282	geckodriver::marionette	INFO	Starting browser C:\Program Files (x86)\Mozilla Firefox\firefox.exe
1486072680327	geckodriver::marionette	INFO	Connecting to Marionette on localhost:57937
1486072681031	Marionette	INFO	Listening on port 57937
1486072682156	Marionette	WARN	Using deprecated data structure for setting timeouts
[Child 9976] ###!!! ABORT: Aborting on channel error.: file c:/builds/moz2_slave/m-rel-w32-00000000000000000000/build/src/ipc/glue/MessageChannel.cpp, line 2056
1486072807290	geckodriver	INFO	Listening on 127.0.0.1:58098
1486072809263	mozprofile::profile	INFO	Using profile path C:\Temp\rust_mozprofile.KUW8CR9oEe8H
1486072809267	geckodriver::marionette	INFO	Starting browser C:\Program Files (x86)\Mozilla Firefox\firefox.exe
1486072809297	geckodriver::marionette	INFO	Connecting to Marionette on localhost:58104
1486072810031	Marionette	INFO	Listening on port 58104
1486072811195	Marionette	WARN	Using deprecated data structure for setting timeouts
[Child 512] ###!!! ABORT: Aborting on channel error.: file c:/builds/moz2_slave/m-rel-w32-00000000000000000000/build/src/ipc/glue/MessageChannel.cpp, line 2056
1486072851522	geckodriver	INFO	Listening on 127.0.0.1:58276
1486072853516	mozprofile::profile	INFO	Using profile path C:\Temp\rust_mozprofile.CE6PyUOKcl1M
1486072853524	geckodriver::marionette	INFO	Starting browser C:\Program Files (x86)\Mozilla Firefox\firefox.exe
1486072853561	geckodriver::marionette	INFO	Connecting to Marionette on localhost:58282
1486072854292	Marionette	INFO	Listening on port 58282
1486072855355	Marionette	WARN	Using deprecated data structure for setting timeouts
[Child 4400] ###!!! ABORT: Aborting on channel error.: file c:/builds/moz2_slave/m-rel-w32-00000000000000000000/build/src/ipc/glue/MessageChannel.cpp, line 2056
1486156373785	geckodriver	INFO	Listening on 127.0.0.1:60120
1486156375807	mozprofile::profile	INFO	Using profile path C:\Temp\rust_mozprofile.svXVVPPAqsG3
1486156375815	geckodriver::marionette	INFO	Starting browser C:\Program Files (x86)\Mozilla Firefox\firefox.exe
1486156376090	geckodriver::marionette	INFO	Connecting to Marionette on localhost:60127
1486156376735	Marionette	INFO	Listening on port 60127
1486156378197	Marionette	WARN	Using deprecated data structure for setting timeouts
[Child 10080] ###!!! ABORT: Aborting on channel error.: file c:/builds/moz2_slave/m-rel-w32-00000000000000000000/build/src/ipc/glue/MessageChannel.cpp, line 2056
1486156607579	geckodriver	INFO	Listening on 127.0.0.1:60323
1486156609338	mozprofile::profile	INFO	Using profile path C:\Temp\rust_mozprofile.5I9zsa6s9LIF
1486156609346	geckodriver::marionette	INFO	Starting browser C:\Program Files (x86)\Mozilla Firefox\firefox.exe
1486156609384	geckodriver::marionette	INFO	Connecting to Marionette on localhost:60329
1486156610142	Marionette	INFO	Listening on port 60329
1486156611264	Marionette	WARN	Using deprecated data structure for setting timeouts
[Child 8584] WARNING: pipe error: 232: file c:/builds/moz2_slave/m-rel-w32-00000000000000000000/build/src/ipc/chromium/src/chrome/common/ipc_channel_win.cc, line 513
[Child 8584] ###!!! ABORT: Aborting on channel error.: file c:/builds/moz2_slave/m-rel-w32-00000000000000000000/build/src/ipc/glue/MessageChannel.cpp, line 2056
1486156671810	geckodriver	INFO	Listening on 127.0.0.1:60507
1486156673796	mozprofile::profile	INFO	Using profile path C:\Temp\rust_mozprofile.qBUADtn0QK4k
1486156673804	geckodriver::marionette	INFO	Starting browser C:\Program Files (x86)\Mozilla Firefox\firefox.exe
1486156673843	geckodriver::marionette	INFO	Connecting to Marionette on localhost:60514
1486156674420	Marionette	INFO	Listening on port 60514
1486156675531	Marionette	WARN	Using deprecated data structure for setting timeouts
[Child 8808] WARNING: pipe error: 232: file c:/builds/moz2_slave/m-rel-w32-00000000000000000000/build/src/ipc/chromium/src/chrome/common/ipc_channel_win.cc, line 513
[Child 8808] ###!!! ABORT: Aborting on channel error.: file c:/builds/moz2_slave/m-rel-w32-00000000000000000000/build/src/ipc/glue/MessageChannel.cpp, line 2056
1486157284365	geckodriver	INFO	Listening on 127.0.0.1:61046
1486157286331	mozprofile::profile	INFO	Using profile path C:\Temp\rust_mozprofile.DPVk6dzlZ5c6
1486157286340	geckodriver::marionette	INFO	Starting browser C:\Program Files (x86)\Mozilla Firefox\firefox.exe
1486157286373	geckodriver::marionette	INFO	Connecting to Marionette on localhost:61052
1486157287114	Marionette	INFO	Listening on port 61052
1486157288251	Marionette	WARN	Using deprecated data structure for setting timeouts
[Child 5812] ###!!! ABORT: Aborting on channel error.: file c:/builds/moz2_slave/m-rel-w32-00000000000000000000/build/src/ipc/glue/MessageChannel.cpp, line 2056
1486157323244	geckodriver	INFO	Listening on 127.0.0.1:61225
1486157325228	mozprofile::profile	INFO	Using profile path C:\Temp\rust_mozprofile.Ik44PJrGKWVG
1486157325230	geckodriver::marionette	INFO	Starting browser C:\Program Files (x86)\Mozilla Firefox\firefox.exe
1486157325246	geckodriver::marionette	INFO	Connecting to Marionette on localhost:61231
1486157325801	Marionette	INFO	Listening on port 61231
1486157326977	Marionette	WARN	Using deprecated data structure for setting timeouts
[Child 7048] ###!!! ABORT: Aborting on channel error.: file c:/builds/moz2_slave/m-rel-w32-00000000000000000000/build/src/ipc/glue/MessageChannel.cpp, line 2056
1486157560343	geckodriver	INFO	Listening on 127.0.0.1:61421
1486157562340	mozprofile::profile	INFO	Using profile path C:\Temp\rust_mozprofile.2eqfW4AWFZ6w
1486157562348	geckodriver::marionette	INFO	Starting browser C:\Program Files (x86)\Mozilla Firefox\firefox.exe
1486157562386	geckodriver::marionette	INFO	Connecting to Marionette on localhost:61427
1486157562942	Marionette	INFO	Listening on port 61427
1486157564056	Marionette	WARN	Using deprecated data structure for setting timeouts
[Child 5964] WARNING: pipe error: 232: file c:/builds/moz2_slave/m-rel-w32-00000000000000000000/build/src/ipc/chromium/src/chrome/common/ipc_channel_win.cc, line 513
[Child 5964] ###!!! ABORT: Aborting on channel error.: file c:/builds/moz2_slave/m-rel-w32-00000000000000000000/build/src/ipc/glue/MessageChannel.cpp, line 2056
1486157583780	geckodriver	INFO	Listening on 127.0.0.1:61587
1486157585768	mozprofile::profile	INFO	Using profile path C:\Temp\rust_mozprofile.H7IivCn7y07I
1486157585772	geckodriver::marionette	INFO	Starting browser C:\Program Files (x86)\Mozilla Firefox\firefox.exe
1486157585786	geckodriver::marionette	INFO	Connecting to Marionette on localhost:61594
1486157586355	Marionette	INFO	Listening on port 61594
1486157587546	Marionette	WARN	Using deprecated data structure for setting timeouts
[Child 4704] ###!!! ABORT: Aborting on channel error.: file c:/builds/moz2_slave/m-rel-w32-00000000000000000000/build/src/ipc/glue/MessageChannel.cpp, line 2056
1486244730020	geckodriver	INFO	Listening on 127.0.0.1:49309
1486244732001	mozprofile::profile	INFO	Using profile path C:\Temp\rust_mozprofile.3IEAbg4jVIvj
1486244732005	geckodriver::marionette	INFO	Starting browser C:\Program Files (x86)\Mozilla Firefox\firefox.exe
1486244732359	geckodriver::marionette	INFO	Connecting to Marionette on localhost:49316
1486244733470	Marionette	INFO	Listening on port 49316
1486244734867	Marionette	WARN	Using deprecated data structure for setting timeouts
[Child 7976] ###!!! ABORT: Aborting on channel error.: file c:/builds/moz2_slave/m-rel-w32-00000000000000000000/build/src/ipc/glue/MessageChannel.cpp, line 2056
1486244788637	geckodriver	INFO	Listening on 127.0.0.1:49505
1486244790634	mozprofile::profile	INFO	Using profile path C:\Temp\rust_mozprofile.jbe9wTUmJeFd
1486244790642	geckodriver::marionette	INFO	Starting browser C:\Program Files (x86)\Mozilla Firefox\firefox.exe
1486244790667	geckodriver::marionette	INFO	Connecting to Marionette on localhost:49511
1486244791212	Marionette	INFO	Listening on port 49511
1486244792322	Marionette	WARN	Using deprecated data structure for setting timeouts
[Child 9780] ###!!! ABORT: Aborting on channel error.: file c:/builds/moz2_slave/m-rel-w32-00000000000000000000/build/src/ipc/glue/MessageChannel.cpp, line 2056
1486244814240	geckodriver	INFO	Listening on 127.0.0.1:49680
1486244816237	mozprofile::profile	INFO	Using profile path C:\Temp\rust_mozprofile.uZOq3Zk5Pfeb
1486244816244	geckodriver::marionette	INFO	Starting browser C:\Program Files (x86)\Mozilla Firefox\firefox.exe
1486244816283	geckodriver::marionette	INFO	Connecting to Marionette on localhost:49687
1486244817097	Marionette	INFO	Listening on port 49687
1486244818203	Marionette	WARN	Using deprecated data structure for setting timeouts
[Child 1620] ###!!! ABORT: Aborting on channel error.: file c:/builds/moz2_slave/m-rel-w32-00000000000000000000/build/src/ipc/glue/MessageChannel.cpp, line 2056
1486245144289	geckodriver	INFO	Listening on 127.0.0.1:49861
1486245146203	mozprofile::profile	INFO	Using profile path C:\Temp\rust_mozprofile.XL8oRddD1ZXM
1486245146211	geckodriver::marionette	INFO	Starting browser C:\Program Files (x86)\Mozilla Firefox\firefox.exe
1486245146251	geckodriver::marionette	INFO	Connecting to Marionette on localhost:49867
1486245146985	Marionette	INFO	Listening on port 49867
1486245148079	Marionette	WARN	Using deprecated data structure for setting timeouts
[Child 4840] ###!!! ABORT: Aborting on channel error.: file c:/builds/moz2_slave/m-rel-w32-00000000000000000000/build/src/ipc/glue/MessageChannel.cpp, line 2056
1486245342346	geckodriver	INFO	Listening on 127.0.0.1:50107
1486245344338	mozprofile::profile	INFO	Using profile path C:\Temp\rust_mozprofile.EYzv1TYCLkAB
1486245344347	geckodriver::marionette	INFO	Starting browser C:\Program Files (x86)\Mozilla Firefox\firefox.exe
1486245344393	geckodriver::marionette	INFO	Connecting to Marionette on localhost:50113
1486245345167	Marionette	INFO	Listening on port 50113
1486245346307	Marionette	WARN	Using deprecated data structure for setting timeouts
[Child 9916] ###!!! ABORT: Aborting on channel error.: file c:/builds/moz2_slave/m-rel-w32-00000000000000000000/build/src/ipc/glue/MessageChannel.cpp, line 2056
1486245468963	geckodriver	INFO	Listening on 127.0.0.1:50301
1486245470952	mozprofile::profile	INFO	Using profile path C:\Temp\rust_mozprofile.UwurrOyVJ82i
1486245470955	geckodriver::marionette	INFO	Starting browser C:\Program Files (x86)\Mozilla Firefox\firefox.exe
1486245470973	geckodriver::marionette	INFO	Connecting to Marionette on localhost:50307
1486245471713	Marionette	INFO	Listening on port 50307
1486245472862	Marionette	WARN	Using deprecated data structure for setting timeouts
[Child 7708] ###!!! ABORT: Aborting on channel error.: file c:/builds/moz2_slave/m-rel-w32-00000000000000000000/build/src/ipc/glue/MessageChannel.cpp, line 2056
1486245521656	geckodriver	INFO	Listening on 127.0.0.1:50479
1486245523650	mozprofile::profile	INFO	Using profile path C:\Temp\rust_mozprofile.BlHl6GP1v3wp
1486245523657	geckodriver::marionette	INFO	Starting browser C:\Program Files (x86)\Mozilla Firefox\firefox.exe
1486245523686	geckodriver::marionette	INFO	Connecting to Marionette on localhost:50485
1486245524465	Marionette	INFO	Listening on port 50485
1486245525581	Marionette	WARN	Using deprecated data structure for setting timeouts
[Child 5824] ###!!! ABORT: Aborting on channel error.: file c:/builds/moz2_slave/m-rel-w32-00000000000000000000/build/src/ipc/glue/MessageChannel.cpp, line 2056
1486245572636	geckodriver	INFO	Listening on 127.0.0.1:50672
1486245574643	mozprofile::profile	INFO	Using profile path C:\Temp\rust_mozprofile.0q6gJf63eiZx
1486245574649	geckodriver::marionette	INFO	Starting browser C:\Program Files (x86)\Mozilla Firefox\firefox.exe
1486245574679	geckodriver::marionette	INFO	Connecting to Marionette on localhost:50678
1486245575420	Marionette	INFO	Listening on port 50678
1486245576612	Marionette	WARN	Using deprecated data structure for setting timeouts
[Child 5512] ###!!! ABORT: Aborting on channel error.: file c:/builds/moz2_slave/m-rel-w32-00000000000000000000/build/src/ipc/glue/MessageChannel.cpp, line 2056
1486245664054	geckodriver	INFO	Listening on 127.0.0.1:50837
1486245666036	mozprofile::profile	INFO	Using profile path C:\Temp\rust_mozprofile.nv9p2y6zOwWI
1486245666039	geckodriver::marionette	INFO	Starting browser C:\Program Files (x86)\Mozilla Firefox\firefox.exe
1486245666058	geckodriver::marionette	INFO	Connecting to Marionette on localhost:50843
1486245666714	Marionette	INFO	Listening on port 50843
1486245667802	Marionette	WARN	Using deprecated data structure for setting timeouts
[Child 1300] ###!!! ABORT: Aborting on channel error.: file c:/builds/moz2_slave/m-rel-w32-00000000000000000000/build/src/ipc/glue/MessageChannel.cpp, line 2056
1486245889504	geckodriver	INFO	Listening on 127.0.0.1:51040
1486245891495	mozprofile::profile	INFO	Using profile path C:\Temp\rust_mozprofile.YfSZYrtQZLRV
1486245891500	geckodriver::marionette	INFO	Starting browser C:\Program Files (x86)\Mozilla Firefox\firefox.exe
1486245891516	geckodriver::marionette	INFO	Connecting to Marionette on localhost:51046
1486245892142	Marionette	INFO	Listening on port 51046
1486245893381	Marionette	WARN	Using deprecated data structure for setting timeouts
1486309700948	geckodriver	INFO	Listening on 127.0.0.1:52820
1486309702959	mozprofile::profile	INFO	Using profile path C:\Temp\rust_mozprofile.DX7ZlM80xQFJ
1486309702963	geckodriver::marionette	INFO	Starting browser C:\Program Files (x86)\Mozilla Firefox\firefox.exe
1486309703223	geckodriver::marionette	INFO	Connecting to Marionette on localhost:52827
1486309704062	Marionette	INFO	Listening on port 52827
1486309705960	Marionette	WARN	Using deprecated data structure for setting timeouts
[Child 9968] ###!!! ABORT: Aborting on channel error.: file c:/builds/moz2_slave/m-rel-w32-00000000000000000000/build/src/ipc/glue/MessageChannel.cpp, line 2056
1486329595454	geckodriver	INFO	Listening on 127.0.0.1:58775
1486329597447	mozprofile::profile	INFO	Using profile path C:\Temp\rust_mozprofile.Z3kSwAfEXCvk
1486329597454	geckodriver::marionette	INFO	Starting browser C:\Program Files (x86)\Mozilla Firefox\firefox.exe
1486329597744	geckodriver::marionette	INFO	Connecting to Marionette on localhost:58782
1486329598326	Marionette	INFO	Listening on port 58782
1486329599760	Marionette	WARN	Using deprecated data structure for setting timeouts
[Child 9812] ###!!! ABORT: Aborting on channel error.: file c:/builds/moz2_slave/m-rel-w32-00000000000000000000/build/src/ipc/glue/MessageChannel.cpp, line 2056
1486329621989	geckodriver	INFO	Listening on 127.0.0.1:58963
1486329623983	mozprofile::profile	INFO	Using profile path C:\Temp\rust_mozprofile.3PHvni3SodFn
1486329623991	geckodriver::marionette	INFO	Starting browser C:\Program Files (x86)\Mozilla Firefox\firefox.exe
1486329624034	geckodriver::marionette	INFO	Connecting to Marionette on localhost:58970
1486329624578	Marionette	INFO	Listening on port 58970
1486329625810	Marionette	WARN	Using deprecated data structure for setting timeouts
[Child 7068] ###!!! ABORT: Aborting on channel error.: file c:/builds/moz2_slave/m-rel-w32-00000000000000000000/build/src/ipc/glue/MessageChannel.cpp, line 2056

###!!! [Child][MessageChannel] Error: (msgtype=0x1040003,name=PTexture::Msg_Destroy) Channel error: cannot send/recv


###!!! [Child][MessageChannel] Error: (msgtype=0x1040003,name=PTexture::Msg_Destroy) Channel error: cannot send/recv


###!!! [Child][MessageChannel] Error: (msgtype=0x420003,name=PCompositable::Msg_Destroy) Channel error: cannot send/recv


###!!! [Child][MessageChannel] Error: (msgtype=0x1040003,name=PTexture::Msg_Destroy) Channel error: cannot send/recv


###!!! [Child][MessageChannel] Error: (msgtype=0x1040003,name=PTexture::Msg_Destroy) Channel error: cannot send/recv


###!!! [Child][MessageChannel] Error: (msgtype=0x420003,name=PCompositable::Msg_Destroy) Channel error: cannot send/recv


###!!! [Child][MessageChannel] Error: (msgtype=0x420003,name=PCompositable::Msg_Destroy) Channel error: cannot send/recv


###!!! [Child][MessageChannel] Error: (msgtype=0x1040003,name=PTexture::Msg_Destroy) Channel error: cannot send/recv


###!!! [Child][MessageChannel] Error: (msgtype=0x1040003,name=PTexture::Msg_Destroy) Channel error: cannot send/recv


###!!! [Child][MessageChannel] Error: (msgtype=0x420003,name=PCompositable::Msg_Destroy) Channel error: cannot send/recv


###!!! [Child][MessageChannel] Error: (msgtype=0x1040003,name=PTexture::Msg_Destroy) Channel error: cannot send/recv


###!!! [Child][MessageChannel] Error: (msgtype=0x1040003,name=PTexture::Msg_Destroy) Channel error: cannot send/recv


###!!! [Child][MessageChannel] Error: (msgtype=0x420003,name=PCompositable::Msg_Destroy) Channel error: cannot send/recv

1486329754924	geckodriver	INFO	Listening on 127.0.0.1:59113
1486329756916	mozprofile::profile	INFO	Using profile path C:\Temp\rust_mozprofile.rfAUJffduRBN
1486329756919	geckodriver::marionette	INFO	Starting browser C:\Program Files (x86)\Mozilla Firefox\firefox.exe
1486329756944	geckodriver::marionette	INFO	Connecting to Marionette on localhost:59119
1486329757528	Marionette	INFO	Listening on port 59119
1486329758698	Marionette	WARN	Using deprecated data structure for setting timeouts
[Child 5320] ###!!! ABORT: Aborting on channel error.: file c:/builds/moz2_slave/m-rel-w32-00000000000000000000/build/src/ipc/glue/MessageChannel.cpp, line 2056
1486329779106	geckodriver	INFO	Listening on 127.0.0.1:59301
1486329781090	mozprofile::profile	INFO	Using profile path C:\Temp\rust_mozprofile.sGmkBi8mgjO8
1486329781098	geckodriver::marionette	INFO	Starting browser C:\Program Files (x86)\Mozilla Firefox\firefox.exe
1486329781135	geckodriver::marionette	INFO	Connecting to Marionette on localhost:59308
1486329781682	Marionette	INFO	Listening on port 59308
1486329782824	Marionette	WARN	Using deprecated data structure for setting timeouts
[Child 4080] ###!!! ABORT: Aborting on channel error.: file c:/builds/moz2_slave/m-rel-w32-00000000000000000000/build/src/ipc/glue/MessageChannel.cpp, line 2056
1486330162220	geckodriver	INFO	Listening on 127.0.0.1:59521
1486330164216	mozprofile::profile	INFO	Using profile path C:\Temp\rust_mozprofile.JPi4CR4hex8I
1486330164224	geckodriver::marionette	INFO	Starting browser C:\Program Files (x86)\Mozilla Firefox\firefox.exe
1486330164264	geckodriver::marionette	INFO	Connecting to Marionette on localhost:59527
1486330164800	Marionette	INFO	Listening on port 59527
1486330165883	Marionette	WARN	Using deprecated data structure for setting timeouts
[Child 8040] ###!!! ABORT: Aborting on channel error.: file c:/builds/moz2_slave/m-rel-w32-00000000000000000000/build/src/ipc/glue/MessageChannel.cpp, line 2056
1486330186458	geckodriver	INFO	Listening on 127.0.0.1:59703
1486330188464	mozprofile::profile	INFO	Using profile path C:\Temp\rust_mozprofile.eTbx0vDmnPhE
1486330188472	geckodriver::marionette	INFO	Starting browser C:\Program Files (x86)\Mozilla Firefox\firefox.exe
1486330188510	geckodriver::marionette	INFO	Connecting to Marionette on localhost:59710
1486330189150	Marionette	INFO	Listening on port 59710
1486330190177	Marionette	WARN	Using deprecated data structure for setting timeouts
[Child 7036] ###!!! ABORT: Aborting on channel error.: file c:/builds/moz2_slave/m-rel-w32-00000000000000000000/build/src/ipc/glue/MessageChannel.cpp, line 2056
1486843643312	geckodriver	INFO	Listening on 127.0.0.1:52042
1486843645244	mozprofile::profile	INFO	Using profile path C:\Temp\rust_mozprofile.JdjcUjB7W7xG
1486843645252	geckodriver::marionette	INFO	Starting browser C:\Program Files (x86)\Mozilla Firefox\firefox.exe
1486843645541	geckodriver::marionette	INFO	Connecting to Marionette on localhost:52049
1486843646122	Marionette	INFO	Listening on port 52049
1486843647497	Marionette	WARN	Using deprecated data structure for setting timeouts
[Child 6660] ###!!! ABORT: Aborting on channel error.: file c:/builds/moz2_slave/m-rel-w32-00000000000000000000/build/src/ipc/glue/MessageChannel.cpp, line 2056
1486843680248	geckodriver	INFO	Listening on 127.0.0.1:52243
1486843682230	mozprofile::profile	INFO	Using profile path C:\Temp\rust_mozprofile.so77lzA4zSOP
1486843682235	geckodriver::marionette	INFO	Starting browser C:\Program Files (x86)\Mozilla Firefox\firefox.exe
1486843682261	geckodriver::marionette	INFO	Connecting to Marionette on localhost:52250
1486843682801	Marionette	INFO	Listening on port 52250
1486843683858	Marionette	WARN	Using deprecated data structure for setting timeouts
[Child 7788] ###!!! ABORT: Aborting on channel error.: file c:/builds/moz2_slave/m-rel-w32-00000000000000000000/build/src/ipc/glue/MessageChannel.cpp, line 2056
1486844504302	geckodriver	INFO	Listening on 127.0.0.1:52444
1486844506298	mozprofile::profile	INFO	Using profile path C:\Temp\rust_mozprofile.CO9G6Brfqzx4
1486844506306	geckodriver::marionette	INFO	Starting browser C:\Program Files (x86)\Mozilla Firefox\firefox.exe
1486844506345	geckodriver::marionette	INFO	Connecting to Marionette on localhost:52450
1486844506899	Marionette	INFO	Listening on port 52450
1486844507947	Marionette	WARN	Using deprecated data structure for setting timeouts
[Child 13288] ###!!! ABORT: Aborting on channel error.: file c:/builds/moz2_slave/m-rel-w32-00000000000000000000/build/src/ipc/glue/MessageChannel.cpp, line 2056
1486844630777	geckodriver	INFO	Listening on 127.0.0.1:52683
1486844632764	mozprofile::profile	INFO	Using profile path C:\Temp\rust_mozprofile.c5c6SUqLJ7le
1486844632772	geckodriver::marionette	INFO	Starting browser C:\Program Files (x86)\Mozilla Firefox\firefox.exe
1486844632804	geckodriver::marionette	INFO	Connecting to Marionette on localhost:52690
1486844633342	Marionette	INFO	Listening on port 52690
1486844634375	Marionette	WARN	Using deprecated data structure for setting timeouts
[Child 3128] ###!!! ABORT: Aborting on channel error.: file c:/builds/moz2_slave/m-rel-w32-00000000000000000000/build/src/ipc/glue/MessageChannel.cpp, line 2056
1486844944634	geckodriver	INFO	Listening on 127.0.0.1:52918
1486844946633	mozprofile::profile	INFO	Using profile path C:\Temp\rust_mozprofile.M04N0jplwlew
1486844946637	geckodriver::marionette	INFO	Starting browser C:\Program Files (x86)\Mozilla Firefox\firefox.exe
1486844946662	geckodriver::marionette	INFO	Connecting to Marionette on localhost:52924
1486844947236	Marionette	INFO	Listening on port 52924
1486844948400	Marionette	WARN	Using deprecated data structure for setting timeouts
[Child 4696] ###!!! ABORT: Aborting on channel error.: file c:/builds/moz2_slave/m-rel-w32-00000000000000000000/build/src/ipc/glue/MessageChannel.cpp, line 2056
1486845024125	geckodriver	INFO	Listening on 127.0.0.1:53161
1486845026122	mozprofile::profile	INFO	Using profile path C:\Temp\rust_mozprofile.kKxWGIihqVkl
1486845026128	geckodriver::marionette	INFO	Starting browser C:\Program Files (x86)\Mozilla Firefox\firefox.exe
1486845026155	geckodriver::marionette	INFO	Connecting to Marionette on localhost:53168
1486845026728	Marionette	INFO	Listening on port 53168
1486845027880	Marionette	WARN	Using deprecated data structure for setting timeouts
[Child 5708] ###!!! ABORT: Aborting on channel error.: file c:/builds/moz2_slave/m-rel-w32-00000000000000000000/build/src/ipc/glue/MessageChannel.cpp, line 2056
1486845498813	geckodriver	INFO	Listening on 127.0.0.1:53358
1486845500810	mozprofile::profile	INFO	Using profile path C:\Temp\rust_mozprofile.WFrl4NxzRH7k
1486845500817	geckodriver::marionette	INFO	Starting browser C:\Program Files (x86)\Mozilla Firefox\firefox.exe
1486845500858	geckodriver::marionette	INFO	Connecting to Marionette on localhost:53364
1486845501407	Marionette	INFO	Listening on port 53364
1486845502472	Marionette	WARN	Using deprecated data structure for setting timeouts
[Child 13640] ###!!! ABORT: Aborting on channel error.: file c:/builds/moz2_slave/m-rel-w32-00000000000000000000/build/src/ipc/glue/MessageChannel.cpp, line 2056
1486845536329	geckodriver	INFO	Listening on 127.0.0.1:53573
1486845538332	mozprofile::profile	INFO	Using profile path C:\Temp\rust_mozprofile.sJ5Zi85FoyeY
1486845538336	geckodriver::marionette	INFO	Starting browser C:\Program Files (x86)\Mozilla Firefox\firefox.exe
1486845538361	geckodriver::marionette	INFO	Connecting to Marionette on localhost:53581
1486845538905	Marionette	INFO	Listening on port 53581
1486845539943	Marionette	WARN	Using deprecated data structure for setting timeouts
[Child 5704] ###!!! ABORT: Aborting on channel error.: file c:/builds/moz2_slave/m-rel-w32-00000000000000000000/build/src/ipc/glue/MessageChannel.cpp, line 2056
1486846042182	geckodriver	INFO	Listening on 127.0.0.1:53801
1486846044178	mozprofile::profile	INFO	Using profile path C:\Temp\rust_mozprofile.xnKN4VbDkqhu
1486846044183	geckodriver::marionette	INFO	Starting browser C:\Program Files (x86)\Mozilla Firefox\firefox.exe
1486846044199	geckodriver::marionette	INFO	Connecting to Marionette on localhost:53807
1486846044743	Marionette	INFO	Listening on port 53807
1486846045819	Marionette	WARN	Using deprecated data structure for setting timeouts
[Child 7736] ###!!! ABORT: Aborting on channel error.: file c:/builds/moz2_slave/m-rel-w32-00000000000000000000/build/src/ipc/glue/MessageChannel.cpp, line 2056
1486846080699	geckodriver	INFO	Listening on 127.0.0.1:54003
1486846082688	mozprofile::profile	INFO	Using profile path C:\Temp\rust_mozprofile.jqxSLupsMJSE
1486846082695	geckodriver::marionette	INFO	Starting browser C:\Program Files (x86)\Mozilla Firefox\firefox.exe
1486846082738	geckodriver::marionette	INFO	Connecting to Marionette on localhost:54010
1486846083289	Marionette	INFO	Listening on port 54010
1486846084342	Marionette	WARN	Using deprecated data structure for setting timeouts
[Child 8012] ###!!! ABORT: Aborting on channel error.: file c:/builds/moz2_slave/m-rel-w32-00000000000000000000/build/src/ipc/glue/MessageChannel.cpp, line 2056
1486846347237	geckodriver	INFO	Listening on 127.0.0.1:54162
1486846349235	mozprofile::profile	INFO	Using profile path C:\Temp\rust_mozprofile.Heegmd2LUVAu
1486846349243	geckodriver::marionette	INFO	Starting browser C:\Program Files (x86)\Mozilla Firefox\firefox.exe
1486846349288	geckodriver::marionette	INFO	Connecting to Marionette on localhost:54168
1486846349839	Marionette	INFO	Listening on port 54168
1486846350900	Marionette	WARN	Using deprecated data structure for setting timeouts
[Child 7896] ###!!! ABORT: Aborting on channel error.: file c:/builds/moz2_slave/m-rel-w32-00000000000000000000/build/src/ipc/glue/MessageChannel.cpp, line 2056
1486846385516	geckodriver	INFO	Listening on 127.0.0.1:54365
1486846387506	mozprofile::profile	INFO	Using profile path C:\Temp\rust_mozprofile.RXjTqpt6QNcp
1486846387514	geckodriver::marionette	INFO	Starting browser C:\Program Files (x86)\Mozilla Firefox\firefox.exe
1486846387561	geckodriver::marionette	INFO	Connecting to Marionette on localhost:54372
1486846388109	Marionette	INFO	Listening on port 54372
1486846389171	Marionette	WARN	Using deprecated data structure for setting timeouts
[Child 9956] ###!!! ABORT: Aborting on channel error.: file c:/builds/moz2_slave/m-rel-w32-00000000000000000000/build/src/ipc/glue/MessageChannel.cpp, line 2056
